<?xml version="1.0" encoding="UTF-8"?>
<testng-results ignored="0" total="1" passed="1" failed="0" skipped="0">
  <reporter-output>
  </reporter-output>
  <suite started-at="2023-12-03T20:35:24 BDT" name="Default suite" finished-at="2023-12-03T20:37:14 BDT" duration-ms="109557">
    <groups>
    </groups>
    <test started-at="2023-12-03T20:35:24 BDT" name="Default test" finished-at="2023-12-03T20:37:14 BDT" duration-ms="109557">
      <class name="AutomationBasic.BaseUrlTest">
        <test-method is-config="true" signature="startBrowser()[pri:0, instance:AutomationBasic.BaseUrlTest@74ea2410]" started-at="2023-12-03T20:35:21 BDT" name="startBrowser" finished-at="2023-12-03T20:35:24 BDT" duration-ms="3185" status="PASS">
          <reporter-output>
          </reporter-output>
        </test-method> <!-- startBrowser -->
        <test-method signature="OpenUrl()[pri:0, instance:AutomationBasic.BaseUrlTest@74ea2410]" started-at="2023-12-03T20:35:24 BDT" name="OpenUrl" finished-at="2023-12-03T20:37:14 BDT" duration-ms="109529" status="PASS">
          <reporter-output>
          </reporter-output>
        </test-method> <!-- OpenUrl -->
        <test-method is-config="true" signature="close()[pri:0, instance:AutomationBasic.BaseUrlTest@74ea2410]" started-at="2023-12-03T20:37:14 BDT" name="close" finished-at="2023-12-03T20:37:14 BDT" duration-ms="217" status="PASS">
          <reporter-output>
          </reporter-output>
        </test-method> <!-- close -->
      </class> <!-- AutomationBasic.BaseUrlTest -->
    </test> <!-- Default test -->
  </suite> <!-- Default suite -->
</testng-results>
