<?xml version="1.0" encoding="UTF-8"?>
<testng-results ignored="0" total="1" passed="1" failed="0" skipped="0">
  <reporter-output>
  </reporter-output>
  <suite started-at="2023-12-21T20:31:52 BDT" name="Default suite" finished-at="2023-12-21T20:32:05 BDT" duration-ms="12336">
    <groups>
    </groups>
    <test started-at="2023-12-21T20:31:52 BDT" name="Default test" finished-at="2023-12-21T20:32:05 BDT" duration-ms="12336">
      <class name="AutomationBasic.BaseUrlTest">
        <test-method is-config="true" signature="startBrowser()[pri:0, instance:AutomationBasic.BaseUrlTest@74ea2410]" started-at="2023-12-21T20:31:44 BDT" name="startBrowser" finished-at="2023-12-21T20:31:52 BDT" duration-ms="7975" status="PASS">
          <reporter-output>
          </reporter-output>
        </test-method> <!-- startBrowser -->
        <test-method signature="OpenUrl()[pri:0, instance:AutomationBasic.BaseUrlTest@74ea2410]" started-at="2023-12-21T20:31:52 BDT" name="OpenUrl" finished-at="2023-12-21T20:32:05 BDT" duration-ms="12303" status="PASS">
          <reporter-output>
          </reporter-output>
        </test-method> <!-- OpenUrl -->
        <test-method is-config="true" signature="close()[pri:0, instance:AutomationBasic.BaseUrlTest@74ea2410]" started-at="2023-12-21T20:32:05 BDT" name="close" finished-at="2023-12-21T20:32:05 BDT" duration-ms="119" status="PASS">
          <reporter-output>
          </reporter-output>
        </test-method> <!-- close -->
      </class> <!-- AutomationBasic.BaseUrlTest -->
    </test> <!-- Default test -->
  </suite> <!-- Default suite -->
</testng-results>
